<?xml version="1.0" encoding="UTF-8"?>
<!-- Generated by org.testng.reporters.JUnitReportReporter -->
<testsuite hostname="Lenovo-PC" failures="0" tests="1" name="testCases.testCaseOne" time="0.006" errors="0" timestamp="2020-05-12T11:18:13 EDT" skipped="0">
  <testcase classname="testCases.testCaseOne" name="f" time="0.006"/>
  <system-out/>
</testsuite> <!-- testCases.testCaseOne -->
